<?xml version="1.0" encoding="UTF-8"?>
<testng-results skipped="0" failed="1" total="1" passed="0">
  <reporter-output>
  </reporter-output>
  <suite name="Default suite" duration-ms="13939" started-at="2020-01-16T12:24:15Z" finished-at="2020-01-16T12:24:29Z">
    <groups>
    </groups>
    <test name="Default test" duration-ms="13939" started-at="2020-01-16T12:24:15Z" finished-at="2020-01-16T12:24:29Z">
      <class name="com.qa.gmail.Gmail.GmailLoginTest">
        <test-method status="PASS" signature="launch_Browser()[pri:0, instance:com.qa.gmail.Gmail.GmailLoginTest@18be83e4]" name="launch_Browser" is-config="true" duration-ms="5392" started-at="2020-01-16T17:54:15Z" finished-at="2020-01-16T17:54:20Z">
          <reporter-output>
          </reporter-output>
        </test-method> <!-- launch_Browser -->
        <test-method status="FAIL" signature="enter_Url()[pri:0, instance:com.qa.gmail.Gmail.GmailLoginTest@18be83e4]" name="enter_Url" duration-ms="8510" started-at="2020-01-16T17:54:20Z" finished-at="2020-01-16T17:54:29Z">
          <exception class="junit.framework.ComparisonFailure">
            <message>
              <![CDATA[expected:<[]> but was:<[Gmail]>]]>
            </message>
            <full-stacktrace>
              <![CDATA[junit.framework.ComparisonFailure: expected:<[]> but was:<[Gmail]>
	at junit.framework.Assert.assertEquals(Assert.java:85)
	at junit.framework.Assert.assertEquals(Assert.java:91)
	at com.qa.gmail.Gmail.GmailLoginTest.enter_Url(GmailLoginTest.java:25)
	at sun.reflect.NativeMethodAccessorImpl.invoke0(Native Method)
	at sun.reflect.NativeMethodAccessorImpl.invoke(Unknown Source)
	at sun.reflect.DelegatingMethodAccessorImpl.invoke(Unknown Source)
	at java.lang.reflect.Method.invoke(Unknown Source)
	at org.testng.internal.MethodInvocationHelper.invokeMethod(MethodInvocationHelper.java:84)
	at org.testng.internal.Invoker.invokeMethod(Invoker.java:714)
	at org.testng.internal.Invoker.invokeTestMethod(Invoker.java:901)
	at org.testng.internal.Invoker.invokeTestMethods(Invoker.java:1231)
	at org.testng.internal.TestMethodWorker.invokeTestMethods(TestMethodWorker.java:127)
	at org.testng.internal.TestMethodWorker.run(TestMethodWorker.java:111)
	at org.testng.TestRunner.privateRun(TestRunner.java:767)
	at org.testng.TestRunner.run(TestRunner.java:617)
	at org.testng.SuiteRunner.runTest(SuiteRunner.java:334)
	at org.testng.SuiteRunner.runSequentially(SuiteRunner.java:329)
	at org.testng.SuiteRunner.privateRun(SuiteRunner.java:291)
	at org.testng.SuiteRunner.run(SuiteRunner.java:240)
	at org.testng.SuiteRunnerWorker.runSuite(SuiteRunnerWorker.java:52)
	at org.testng.SuiteRunnerWorker.run(SuiteRunnerWorker.java:86)
	at org.testng.TestNG.runSuitesSequentially(TestNG.java:1224)
	at org.testng.TestNG.runSuitesLocally(TestNG.java:1149)
	at org.testng.TestNG.run(TestNG.java:1057)
	at org.testng.remote.AbstractRemoteTestNG.run(AbstractRemoteTestNG.java:115)
	at org.testng.remote.RemoteTestNG.initAndRun(RemoteTestNG.java:251)
	at org.testng.remote.RemoteTestNG.main(RemoteTestNG.java:77)
]]>
            </full-stacktrace>
          </exception> <!-- junit.framework.ComparisonFailure -->
          <reporter-output>
          </reporter-output>
        </test-method> <!-- enter_Url -->
      </class> <!-- com.qa.gmail.Gmail.GmailLoginTest -->
    </test> <!-- Default test -->
  </suite> <!-- Default suite -->
</testng-results>
