<?xml version="1.0" encoding="UTF-8"?>
<testng-results skipped="0" failed="0" total="1" passed="1">
  <reporter-output>
  </reporter-output>
  <suite name="Default suite" duration-ms="9175" started-at="2020-01-16T14:19:02Z" finished-at="2020-01-16T14:19:11Z">
    <groups>
    </groups>
    <test name="Default test" duration-ms="9175" started-at="2020-01-16T14:19:02Z" finished-at="2020-01-16T14:19:11Z">
      <class name="com.qa.gmail.Gmail.GmailLoginTest">
        <test-method status="PASS" signature="launch_Browser()[pri:0, instance:com.qa.gmail.Gmail.GmailLoginTest@18be83e4]" name="launch_Browser" is-config="true" duration-ms="5512" started-at="2020-01-16T19:49:02Z" finished-at="2020-01-16T19:49:08Z">
          <reporter-output>
          </reporter-output>
        </test-method> <!-- launch_Browser -->
        <test-method status="PASS" signature="enter_Url()[pri:0, instance:com.qa.gmail.Gmail.GmailLoginTest@18be83e4]" name="enter_Url" duration-ms="3643" started-at="2020-01-16T19:49:08Z" finished-at="2020-01-16T19:49:11Z">
          <reporter-output>
          </reporter-output>
        </test-method> <!-- enter_Url -->
      </class> <!-- com.qa.gmail.Gmail.GmailLoginTest -->
    </test> <!-- Default test -->
  </suite> <!-- Default suite -->
</testng-results>
